<?xml version="1.0" encoding="UTF-8"?>
<testsuite xmlns:xsi="http://www.w3.org/2001/XMLSchema-instance" xsi:noNamespaceSchemaLocation="https://maven.apache.org/surefire/maven-surefire-plugin/xsd/surefire-test-report-3.0.xsd" version="3.0" name="com.formadoresit.camel.springboot.MySpringBootApplicationTest" time="9.026" tests="1" errors="1" skipped="0" failures="0">
  <properties>
[...]
</properties>
  <testcase name="test" classname="com.formadoresit.camel.springboot.MySpringBootApplicationTest" time="1.359">
    <error type="java.lang.IllegalArgumentException"><![CDATA[java.lang.IllegalArgumentException: Cannot advice route as route with id: hello does not exist
	at com.formadoresit.camel.springboot.MySpringBootApplicationTest.test(MySpringBootApplicationTest.java:27)
]]></error>
    <system-out><![CDATA[Standard Commons Logging discovery in action with spring-jcl: please remove commons-logging.jar from classpath in order to avoid potential conflicts
06:08:33.488 [main] INFO org.springframework.test.context.support.AnnotationConfigContextLoaderUtils -- Could not detect default configuration classes for test class [com.formadoresit.camel.springboot.MySpringBootApplicationTest]: MySpringBootApplicationTest does not declare any static, non-private, non-final, nested classes annotated with @Configuration.
06:08:33.604 [main] INFO org.springframework.boot.test.context.SpringBootTestContextBootstrapper -- Found @SpringBootConfiguration com.formadoresit.camel.springboot.MySpringBootApplication for test class com.formadoresit.camel.springboot.MySpringBootApplicationTest
06:08:33.732 [main] INFO org.apache.camel.test.spring.junit5.CamelSpringBootExecutionListener -- CamelSpringBootExecutionListener preparing: class com.formadoresit.camel.springboot.MySpringBootApplicationTest
06:08:33.738 [main] INFO org.apache.camel.test.spring.junit5.CamelAnnotationsHandler -- Disabling Camel JMX globally for tests by default. Use the DisableJMX annotation to override the default setting.

  .   ____          _            __ _ _
 /\\ / ___'_ __ _ _(_)_ __  __ _ \ \ \ \
( ( )\___ | '_ | '_| | '_ \/ _` | \ \ \ \
 \\/  ___)| |_)| | | | | || (_| |  ) ) ) )
  '  |____| .__|_| |_|_| |_\__, | / / / /
 =========|_|==============|___/=/_/_/_/

 :: Spring Boot ::                (v3.4.3)

2025-03-28T06:08:34.022-05:00  INFO 269303 --- [           main] c.f.c.s.MySpringBootApplicationTest      : Starting MySpringBootApplicationTest using Java 17.0.14 with PID 269303 (started by luis in /home/luis/Development/Apache Camel/FormadoresIT/Marzo/Sesiones/rest)
2025-03-28T06:08:34.023-05:00  INFO 269303 --- [           main] c.f.c.s.MySpringBootApplicationTest      : No active profile set, falling back to 1 default profile: "default"
2025-03-28T06:08:35.449-05:00  INFO 269303 --- [           main] .s.d.r.c.RepositoryConfigurationDelegate : Multiple Spring Data modules found, entering strict repository configuration mode
2025-03-28T06:08:35.451-05:00  INFO 269303 --- [           main] .s.d.r.c.RepositoryConfigurationDelegate : Bootstrapping Spring Data JPA repositories in DEFAULT mode.
2025-03-28T06:08:35.475-05:00  INFO 269303 --- [           main] .s.d.r.c.RepositoryConfigurationDelegate : Finished Spring Data repository scanning in 15 ms. Found 0 JPA repository interfaces.
2025-03-28T06:08:35.485-05:00  INFO 269303 --- [           main] .s.d.r.c.RepositoryConfigurationDelegate : Multiple Spring Data modules found, entering strict repository configuration mode
2025-03-28T06:08:35.485-05:00  INFO 269303 --- [           main] .s.d.r.c.RepositoryConfigurationDelegate : Bootstrapping Spring Data MongoDB repositories in DEFAULT mode.
2025-03-28T06:08:35.490-05:00  INFO 269303 --- [           main] .s.d.r.c.RepositoryConfigurationDelegate : Finished Spring Data repository scanning in 3 ms. Found 0 MongoDB repository interfaces.
2025-03-28T06:08:36.271-05:00  INFO 269303 --- [           main] com.zaxxer.hikari.HikariDataSource       : HikariPool-1 - Starting...
2025-03-28T06:08:36.608-05:00  INFO 269303 --- [           main] com.zaxxer.hikari.pool.HikariPool        : HikariPool-1 - Added connection com.mysql.cj.jdbc.ConnectionImpl@79144d0e
2025-03-28T06:08:36.609-05:00  INFO 269303 --- [           main] com.zaxxer.hikari.HikariDataSource       : HikariPool-1 - Start completed.
2025-03-28T06:08:36.659-05:00  INFO 269303 --- [           main] o.hibernate.jpa.internal.util.LogHelper  : HHH000204: Processing PersistenceUnitInfo [name: default]
2025-03-28T06:08:36.702-05:00  INFO 269303 --- [           main] org.hibernate.Version                    : HHH000412: Hibernate ORM core version 6.6.8.Final
2025-03-28T06:08:36.734-05:00  INFO 269303 --- [           main] o.h.c.internal.RegionFactoryInitiator    : HHH000026: Second-level cache disabled
2025-03-28T06:08:36.997-05:00  INFO 269303 --- [           main] o.s.o.j.p.SpringPersistenceUnitInfo      : No LoadTimeWeaver setup: ignoring JPA class transformer
2025-03-28T06:08:37.085-05:00  INFO 269303 --- [           main] org.hibernate.orm.connections.pooling    : HHH10001005: Database info:
	Database JDBC URL [Connecting through datasource 'HikariDataSource (HikariPool-1)']
	Database driver: undefined/unknown
	Database version: 8.2
	Autocommit mode: undefined/unknown
	Isolation level: undefined/unknown
	Minimum pool size: undefined/unknown
	Maximum pool size: undefined/unknown
2025-03-28T06:08:37.831-05:00  INFO 269303 --- [           main] o.h.e.t.j.p.i.JtaPlatformInitiator       : HHH000489: No JTA platform available (set 'hibernate.transaction.jta.platform' to enable JTA platform integration)
2025-03-28T06:08:37.835-05:00  INFO 269303 --- [           main] j.LocalContainerEntityManagerFactoryBean : Initialized JPA EntityManagerFactory for persistence unit 'default'
2025-03-28T06:08:38.853-05:00  WARN 269303 --- [           main] JpaBaseConfiguration$JpaWebConfiguration : spring.jpa.open-in-view is enabled by default. Therefore, database queries may be performed during view rendering. Explicitly configure spring.jpa.open-in-view to disable this warning
2025-03-28T06:08:39.990-05:00  INFO 269303 --- [           main] org.mongodb.driver.client                : MongoClient with metadata {"driver": {"name": "mongo-java-driver|sync|spring-boot", "version": "5.2.1"}, "os": {"type": "Linux", "name": "Linux", "architecture": "amd64", "version": "6.8.0-52-generic"}, "platform": "Java/Ubuntu/17.0.14+7-Ubuntu-122.04.1"} created with settings MongoClientSettings{readPreference=primary, writeConcern=WriteConcern{w=null, wTimeout=null ms, journal=null}, retryWrites=true, retryReads=true, readConcern=ReadConcern{level=null}, credential=MongoCredential{mechanism=SCRAM-SHA-256, userName='mongoadmin', source='admin', password=<hidden>, mechanismProperties=<hidden>}, transportSettings=null, commandListeners=[io.micrometer.core.instrument.binder.mongodb.MongoMetricsCommandListener@1509dade], codecRegistry=ProvidersCodecRegistry{codecProviders=[ValueCodecProvider{}, BsonValueCodecProvider{}, DBRefCodecProvider{}, DBObjectCodecProvider{}, DocumentCodecProvider{}, CollectionCodecProvider{}, IterableCodecProvider{}, MapCodecProvider{}, GeoJsonCodecProvider{}, GridFSFileCodecProvider{}, Jsr310CodecProvider{}, JsonObjectCodecProvider{}, BsonCodecProvider{}, EnumCodecProvider{}, com.mongodb.client.model.mql.ExpressionCodecProvider@20309365, com.mongodb.Jep395RecordCodecProvider@7306f65f, com.mongodb.KotlinCodecProvider@50ade311]}, loggerSettings=LoggerSettings{maxDocumentLength=1000}, clusterSettings={hosts=[localhost:27017], srvServiceName=mongodb, mode=SINGLE, requiredClusterType=UNKNOWN, requiredReplicaSetName='null', serverSelector='null', clusterListeners='[]', serverSelectionTimeout='5000 ms', localThreshold='15 ms'}, socketSettings=SocketSettings{connectTimeoutMS=10000, readTimeoutMS=0, receiveBufferSize=0, proxySettings=ProxySettings{host=null, port=null, username=null, password=null}}, heartbeatSocketSettings=SocketSettings{connectTimeoutMS=10000, readTimeoutMS=10000, receiveBufferSize=0, proxySettings=ProxySettings{host=null, port=null, username=null, password=null}}, connectionPoolSettings=ConnectionPoolSettings{maxSize=100, minSize=0, maxWaitTimeMS=120000, maxConnectionLifeTimeMS=0, maxConnectionIdleTimeMS=0, maintenanceInitialDelayMS=0, maintenanceFrequencyMS=60000, connectionPoolListeners=[io.micrometer.core.instrument.binder.mongodb.MongoMetricsConnectionPoolListener@7c7478ac], maxConnecting=2}, serverSettings=ServerSettings{heartbeatFrequencyMS=10000, minHeartbeatFrequencyMS=500, serverMonitoringMode=AUTO, serverListeners='[]', serverMonitorListeners='[]'}, sslSettings=SslSettings{enabled=false, invalidHostNameAllowed=false, context=null}, applicationName='null', compressorList=[], uuidRepresentation=JAVA_LEGACY, serverApi=null, autoEncryptionSettings=null, dnsClient=null, inetAddressResolver=null, contextProvider=null, timeoutMS=null}
2025-03-28T06:08:40.007-05:00  INFO 269303 --- [localhost:27017] org.mongodb.driver.cluster               : Monitor thread successfully connected to server with description ServerDescription{address=localhost:27017, type=STANDALONE, cryptd=false, state=CONNECTED, ok=true, minWireVersion=0, maxWireVersion=21, maxDocumentSize=16777216, logicalSessionTimeoutMinutes=30, roundTripTimeNanos=18600603, minRoundTripTimeNanos=0}
2025-03-28T06:08:40.722-05:00  INFO 269303 --- [           main] o.s.b.a.e.web.EndpointLinksResolver      : Exposing 6 endpoints beneath base path '/actuator'
2025-03-28T06:08:40.930-05:00  INFO 269303 --- [           main] c.f.c.s.MySpringBootApplicationTest      : Started MySpringBootApplicationTest in 7.164 seconds (process running for 8.188)
2025-03-28T06:08:40.937-05:00  INFO 269303 --- [           main] o.a.c.t.s.j.CamelAnnotationsHandler      : Setting shutdown timeout to [10 SECONDS] on CamelContext with name [camelContext].
2025-03-28T06:08:40.979-05:00  INFO 269303 --- [           main] c.t.s.j.CamelSpringBootExecutionListener : CamelSpringBootExecutionListener before: class com.formadoresit.camel.springboot.MySpringBootApplicationTest.test
2025-03-28T06:08:40.980-05:00  INFO 269303 --- [           main] c.t.s.j.CamelSpringBootExecutionListener : Initialized CamelSpringBootExecutionListener now ready to start CamelContext
2025-03-28T06:08:40.981-05:00  INFO 269303 --- [           main] o.a.c.t.s.j.CamelAnnotationsHandler      : Starting CamelContext with name [camelContext].
2025-03-28T06:08:41.380-05:00  INFO 269303 --- [           main] o.a.c.support.LifecycleStrategySupport   : Autowired property: mongoConnection on component: mongodb as exactly one instance of type: com.mongodb.client.MongoClient (com.mongodb.client.internal.MongoClientImpl) found in the registry
2025-03-28T06:08:41.424-05:00  INFO 269303 --- [           main] o.a.camel.component.jpa.JpaComponent     : Using EntityManagerFactory found in registry with id [entityManagerFactory] org.springframework.orm.jpa.LocalContainerEntityManagerFactoryBean@53c0424a
2025-03-28T06:08:41.425-05:00  INFO 269303 --- [           main] o.a.c.c.jpa.DefaultTransactionStrategy   : Using TransactionManager found in registry with id [transactionManager] org.springframework.orm.jpa.JpaTransactionManager@420307f9
2025-03-28T06:08:41.456-05:00  INFO 269303 --- [           main] o.a.c.support.LifecycleStrategySupport   : Autowired property: dataSource on component: sql as exactly one instance of type: javax.sql.DataSource (com.zaxxer.hikari.HikariDataSource) found in the registry
2025-03-28T06:08:41.579-05:00  INFO 269303 --- [           main] o.a.c.impl.engine.AbstractCamelContext   : Apache Camel 4.10.2 (MyCamel) is starting
2025-03-28T06:08:41.628-05:00  INFO 269303 --- [           main] o.a.c.component.mongodb.MongoDbEndpoint  : Initialising MongoDb endpoint: mongodb://mongodb?collection=data&database=test&operation=insert
2025-03-28T06:08:41.844-05:00  INFO 269303 --- [           main] o.a.c.impl.engine.AbstractCamelContext   : Routes startup (total:16 started:15 rest-dsl:6 disabled:1)
2025-03-28T06:08:41.845-05:00  INFO 269303 --- [           main] o.a.c.impl.engine.AbstractCamelContext   :     Started route1 (direct://getObjects)
2025-03-28T06:08:41.845-05:00  INFO 269303 --- [           main] o.a.c.impl.engine.AbstractCamelContext   :     Started route2 (direct://crearObject)
2025-03-28T06:08:41.845-05:00  INFO 269303 --- [           main] o.a.c.impl.engine.AbstractCamelContext   :     Started route3 (direct://saveInMongo)
2025-03-28T06:08:41.845-05:00  INFO 269303 --- [           main] o.a.c.impl.engine.AbstractCamelContext   :     Started route4 (direct://getAllUsers)
2025-03-28T06:08:41.845-05:00  INFO 269303 --- [           main] o.a.c.impl.engine.AbstractCamelContext   :     Started route5 (direct://getUserById)
2025-03-28T06:08:41.845-05:00  INFO 269303 --- [           main] o.a.c.impl.engine.AbstractCamelContext   :     Started route6 (direct://createUser)
2025-03-28T06:08:41.845-05:00  INFO 269303 --- [           main] o.a.c.impl.engine.AbstractCamelContext   :     Started route7 (rest://get:/users)
2025-03-28T06:08:41.845-05:00  INFO 269303 --- [           main] o.a.c.impl.engine.AbstractCamelContext   :     Started route8 (rest://get:/users:/%7BuserId%7D)
2025-03-28T06:08:41.845-05:00  INFO 269303 --- [           main] o.a.c.impl.engine.AbstractCamelContext   :     Started route9 (rest://get:/users:/filters/by-age/%7Bage%7D)
2025-03-28T06:08:41.846-05:00  INFO 269303 --- [           main] o.a.c.impl.engine.AbstractCamelContext   :     Started route10 (rest://get:/users:/filters/by-age-range)
2025-03-28T06:08:41.846-05:00  INFO 269303 --- [           main] o.a.c.impl.engine.AbstractCamelContext   :     Started route11 (rest://post:/users)
2025-03-28T06:08:41.846-05:00  INFO 269303 --- [           main] o.a.c.impl.engine.AbstractCamelContext   :     Started route12 (rest://post:processors:proxy)
2025-03-28T06:08:41.846-05:00  INFO 269303 --- [           main] o.a.c.impl.engine.AbstractCamelContext   :     Started route13 (direct://notificarNuevoUsuario)
2025-03-28T06:08:41.846-05:00  INFO 269303 --- [           main] o.a.c.impl.engine.AbstractCamelContext   :     Started route14 (activemq://queue:newUsers)
2025-03-28T06:08:41.846-05:00  INFO 269303 --- [           main] o.a.c.impl.engine.AbstractCamelContext   :     Started route15 (direct://insertUserJPA)
2025-03-28T06:08:41.846-05:00  INFO 269303 --- [           main] o.a.c.impl.engine.AbstractCamelContext   :     Disabled main-timer (timer://mainTimer)
2025-03-28T06:08:41.847-05:00  INFO 269303 --- [           main] o.a.c.impl.engine.AbstractCamelContext   : Apache Camel 4.10.2 (MyCamel) started in 267ms (build:0ms init:0ms start:267ms boot:3s596ms)
2025-03-28T06:08:42.327-05:00  INFO 269303 --- [           main] c.f.c.s.MySpringBootApplicationTest      : ********************************************************************************
2025-03-28T06:08:42.327-05:00  INFO 269303 --- [           main] c.f.c.s.MySpringBootApplicationTest      : Testing done: test (com.formadoresit.camel.springboot.MySpringBootApplicationTest)
2025-03-28T06:08:42.328-05:00  INFO 269303 --- [           main] c.f.c.s.MySpringBootApplicationTest      : Took: 477ms (477 millis)
2025-03-28T06:08:42.328-05:00  INFO 269303 --- [           main] c.f.c.s.MySpringBootApplicationTest      : ********************************************************************************
2025-03-28T06:08:42.328-05:00  INFO 269303 --- [           main] c.t.s.j.CamelSpringBootExecutionListener : CamelSpringBootExecutionListener after: class com.formadoresit.camel.springboot.MySpringBootApplicationTest.test
]]></system-out>
  </testcase>
</testsuite>